mode: set
github.com/lordwestcott/celeritas/session/session.go:21.53,26.16 3 1
github.com/lordwestcott/celeritas/session/session.go:26.16,28.3 1 0
github.com/lordwestcott/celeritas/session/session.go:31.2,31.48 1 1
github.com/lordwestcott/celeritas/session/session.go:31.48,33.3 1 1
github.com/lordwestcott/celeritas/session/session.go:37.2,37.47 1 1
github.com/lordwestcott/celeritas/session/session.go:37.47,39.3 1 0
github.com/lordwestcott/celeritas/session/session.go:43.2,52.40 8 1
github.com/lordwestcott/celeritas/session/session.go:53.15,53.15 0 0
github.com/lordwestcott/celeritas/session/session.go:55.26,55.26 0 0
github.com/lordwestcott/celeritas/session/session.go:57.32,57.32 0 0
github.com/lordwestcott/celeritas/session/session.go:59.10,59.10 0 1
github.com/lordwestcott/celeritas/session/session.go:63.2,63.16 1 1
github.com/lordwestcott/celeritas/render/render.go:35.111,37.37 1 1
github.com/lordwestcott/celeritas/render/render.go:38.12,39.36 1 1
github.com/lordwestcott/celeritas/render/render.go:40.13,41.48 1 1
github.com/lordwestcott/celeritas/render/render.go:42.10,42.10 0 1
github.com/lordwestcott/celeritas/render/render.go:44.2,44.67 1 1
github.com/lordwestcott/celeritas/render/render.go:48.102,50.16 2 1
github.com/lordwestcott/celeritas/render/render.go:50.16,52.3 1 1
github.com/lordwestcott/celeritas/render/render.go:54.2,55.17 2 1
github.com/lordwestcott/celeritas/render/render.go:55.17,57.3 1 1
github.com/lordwestcott/celeritas/render/render.go:59.2,60.16 2 1
github.com/lordwestcott/celeritas/render/render.go:60.16,62.3 1 0
github.com/lordwestcott/celeritas/render/render.go:64.2,64.12 1 1
github.com/lordwestcott/celeritas/render/render.go:68.114,71.22 2 1
github.com/lordwestcott/celeritas/render/render.go:71.22,73.3 1 1
github.com/lordwestcott/celeritas/render/render.go:73.8,75.3 1 0
github.com/lordwestcott/celeritas/render/render.go:77.2,78.17 2 1
github.com/lordwestcott/celeritas/render/render.go:78.17,80.3 1 1
github.com/lordwestcott/celeritas/render/render.go:82.2,83.16 2 1
github.com/lordwestcott/celeritas/render/render.go:83.16,86.3 2 1
github.com/lordwestcott/celeritas/render/render.go:88.2,88.46 1 1
github.com/lordwestcott/celeritas/render/render.go:88.46,91.3 2 0
github.com/lordwestcott/celeritas/render/render.go:93.2,93.12 1 1
